The integer vectors in the final columns of each
permutation listing describe how a list 1, 2, ...
gets permuted. So "2 1" implies that element 2 is
mapped to position 1, and the first one ends up in 
second position.
Number of permutations:   28
Perm #:     1 Perm:    7    8   11    9   12   10    1    2    4    6    3    5
Perm #:     2 Perm:    9   10    7   11    8   12    3    5    1    2    4    6
Perm #:     3 Perm:    1    2    3    4    5    6    7    8    9   10   11   12
Perm #:     4 Perm:    4    6    1    3    2    5   11   12    7    8    9   10
Perm #:     5 Perm:    2    1    6    5    4    3    8    7   12   11   10    9
Perm #:     6 Perm:    5    3    2    6    1    4   10    9    8    7   12   11
Perm #:     7 Perm:    6    4    5    2    3    1   12   11   10    9    8    7
Perm #:     8 Perm:    8    7   10   12    9   11    2    1    5    3    6    4
Perm #:     9 Perm:   12   11    8   10    7    9    6    4    2    1    5    3
Perm #:    10 Perm:    8    7   10   12    9   11    2    1    5    3    6    4
Perm #:    11 Perm:   10    9   12    8   11    7    5    3    6    4    2    1
Perm #:    12 Perm:   12   11    8   10    7    9    6    4    2    1    5    3
Perm #:    13 Perm:    2    1    6    5    4    3    8    7   12   11   10    9
Perm #:    14 Perm:    5    3    2    6    1    4   10    9    8    7   12   11
Perm #:    15 Perm:    1    2    3    4    5    6    7    8    9   10   11   12
Perm #:    16 Perm:    3    5    4    1    6    2    9   10   11   12    7    8
Perm #:    17 Perm:    7    8   11    9   12   10    1    2    4    6    3    5
Perm #:    18 Perm:    9   10    7   11    8   12    3    5    1    2    4    6
Perm #:    19 Perm:   11   12    9    7   10    8    4    6    3    5    1    2
Perm #:    20 Perm:    7    8   11    9   12   10    1    2    4    6    3    5
Perm #:    21 Perm:   11   12    9    7   10    8    4    6    3    5    1    2
Perm #:    22 Perm:    1    2    3    4    5    6    7    8    9   10   11   12
Perm #:    23 Perm:    3    5    4    1    6    2    9   10   11   12    7    8
Perm #:    24 Perm:    4    6    1    3    2    5   11   12    7    8    9   10
Perm #:    25 Perm:    2    1    6    5    4    3    8    7   12   11   10    9
Perm #:    26 Perm:    6    4    5    2    3    1   12   11   10    9    8    7
Perm #:    27 Perm:    8    7   10   12    9   11    2    1    5    3    6    4
Perm #:    28 Perm:   10    9   12    8   11    7    5    3    6    4    2    1
