Title: generated by automag                                                            
Lattice type (bulk or surface): BULK
  5.035  -2.518   0.000
  0.000   4.361   0.000
  0.000   0.000  13.758
Number of labels:  3
Number of d-vectors:  30
  0.0000   0.0000   4.8885 0/1/
  0.0000   0.0000   8.8696 0/1/
 -0.0000   2.9070   0.3025 0/1/
  2.5176   1.4535   9.4746 0/1/
 -0.0000   2.9070   4.2835 0/1/
  2.5176   1.4535  13.4556 0/1/
  0.0000   0.0000   1.9905 0/1/
  0.0000   0.0000  11.7676 0/1/
 -0.0000   2.9070  11.1626 0/1/
 -0.0000   2.9070   7.1815 0/1/
  2.5176   1.4535   6.5766 0/1/
  2.5176   1.4535   2.5955 0/1/
  1.5416   0.0000   3.4395 2/
  3.4935   0.0000  10.3186 2/
  1.5416   2.9070  12.6116 2/
  4.0592   1.4535   8.0256 2/
 -1.5416   2.9070   5.7325 2/
  0.9759   1.4535   1.1465 2/
 -0.7708   1.3351   3.4395 2/
 -1.7467   3.0254  10.3186 2/
 -0.7708   4.2421  12.6116 2/
  1.7467   2.7886   8.0256 2/
  0.7708   1.5719   5.7325 2/
  3.2884   0.1184   1.1465 2/
  1.7467   3.0254   3.4395 2/
  0.7708   1.3351  10.3186 2/
 -0.7708   1.5719  12.6116 2/
  0.7708   4.2421   5.7325 2/
  1.7467   0.1184   8.0256 2/
  3.2884   2.7886   1.1465 2/
Min and Max cell sizes:  1  1
Epsilon:   0.1000E-06
full/part mode: FULL
Concentration ranges are specified. Will run with using  the fixed-concentration algorithm.
Type 1 conc: 6/30-- 6/30
Type 2 conc: 6/30-- 6/30
Type 3 conc:18/30--18/30

--<< Successfully read the struct_enum.in file >>--

