 # <fortpy version="3" revision="247"></fortpy>
generated 
bulk
  5.0351000       0.0000000       0.0000000        # a1 parent lattice vector
 -2.5175500       4.3605245       0.0000000        # a2 parent lattice vector
  0.0000000       0.0000000       13.758100        # a3 parent lattice vector
   30 # Number of points in the multilattice
  0.0000000       0.0000000       4.8885280        # d01 d-vector, labels: 0/1
  0.0000000       0.0000000       8.8695719        # d02 d-vector, labels: 0/1
-0.25503000E-05   2.9070177      0.30249933        # d03 d-vector, labels: 0/1
  2.5175525       1.4535067       9.4745564        # d04 d-vector, labels: 0/1
-0.25503000E-05   2.9070177       4.2835431        # d05 d-vector, labels: 0/1
  2.5175525       1.4535067       13.455600        # d06 d-vector, labels: 0/1
  0.0000000       0.0000000       1.9905217        # d07 d-vector, labels: 0/1
  0.0000000       0.0000000       11.767577        # d08 d-vector, labels: 0/1
-0.25503000E-05   2.9070177       11.162593        # d09 d-vector, labels: 0/1
-0.25503000E-05   2.9070177       7.1815494        # d10 d-vector, labels: 0/1
  2.5175525       1.4535067       6.5765506        # d11 d-vector, labels: 0/1
  2.5175525       1.4535067       2.5955069        # d12 d-vector, labels: 0/1
  1.5416469       0.0000000       3.4395249        # d13 d-vector, labels: 2
  3.4934531       0.0000000       10.318575        # d14 d-vector, labels: 2
  1.5416445       2.9070177       12.611596        # d15 d-vector, labels: 2
  4.0591994       1.4535067       8.0255537        # d16 d-vector, labels: 2
 -1.5416494       2.9070177       5.7325463        # d17 d-vector, labels: 2
 0.97590570       1.4535067       1.1465037        # d18 d-vector, labels: 2
-0.77082346       1.3351054       3.4395249        # d19 d-vector, labels: 2
 -1.7467265       3.0254191       10.318575        # d20 d-vector, labels: 2
-0.77082601       4.2421231       12.611596        # d21 d-vector, labels: 2
  1.7467289       2.7886122       8.0255537        # d22 d-vector, labels: 2
 0.77082083       1.5719125       5.7325463        # d23 d-vector, labels: 2
  3.2883759      0.11840132       1.1465037        # d24 d-vector, labels: 2
  1.7467265       3.0254191       3.4395249        # d25 d-vector, labels: 2
 0.77082346       1.3351054       10.318575        # d26 d-vector, labels: 2
-0.77082601       1.5719125       12.611596        # d27 d-vector, labels: 2
 0.77082106       4.2421231       5.7325463        # d28 d-vector, labels: 2
  1.7467291      0.11840132       8.0255537        # d29 d-vector, labels: 2
  3.2883758       2.7886122       1.1465037        # d30 d-vector, labels: 2
 3-nary case
   1   1 # Starting and ending cell sizes for search
 0.10000000E-06 # Epsilon (finite precision parameter)
Concentration check:
    T
Including only structures of which the concentration   of each atom is in the range:
Type 1:    1/   2 --    1/   2
Type 2:    1/   2 --    1/   2
Type 3:    0/   1 --    0/   1
full list of labelings (including incomplete labelings) is used
(Non)Equivalency list: 1  2  3  4  5  6  7  8  9 10 11 12 13 14 15 16 17 18 19 20 21 22 23 24 25 26 27 28 29 30
start   #tot      HNF     Hdegn   labdegn   Totdegn   #size idx    pg    SNF             HNF                 Left transform                          labeling
          1         1       1        2        2           1   1    28   1  1  1    1  0  1  0  0  1      1    0    0    0    1    0    0    0    1   000000111111222222222222222222
          2         1       1       12       12           2   1    28   1  1  1    1  0  1  0  0  1      1    0    0    0    1    0    0    0    1   000001011111222222222222222222
          3         1       1       12       12           3   1    28   1  1  1    1  0  1  0  0  1      1    0    0    0    1    0    0    0    1   000001101111222222222222222222
          4         1       1       12       12           4   1    28   1  1  1    1  0  1  0  0  1      1    0    0    0    1    0    0    0    1   000001110111222222222222222222
          5         1       1       12       12           5   1    28   1  1  1    1  0  1  0  0  1      1    0    0    0    1    0    0    0    1   000001111011222222222222222222
          6         1       1       12       12           6   1    28   1  1  1    1  0  1  0  0  1      1    0    0    0    1    0    0    0    1   000001111101222222222222222222
          7         1       1       12       12           7   1    28   1  1  1    1  0  1  0  0  1      1    0    0    0    1    0    0    0    1   000001111110222222222222222222
          8         1       1       12       12           8   1    28   1  1  1    1  0  1  0  0  1      1    0    0    0    1    0    0    0    1   000011001111222222222222222222
          9         1       1       12       12           9   1    28   1  1  1    1  0  1  0  0  1      1    0    0    0    1    0    0    0    1   000011010111222222222222222222
         10         1       1       12       12          10   1    28   1  1  1    1  0  1  0  0  1      1    0    0    0    1    0    0    0    1   000011011011222222222222222222
         11         1       1       12       12          11   1    28   1  1  1    1  0  1  0  0  1      1    0    0    0    1    0    0    0    1   000011011101222222222222222222
         12         1       1       12       12          12   1    28   1  1  1    1  0  1  0  0  1      1    0    0    0    1    0    0    0    1   000011011110222222222222222222
         13         1       1       12       12          13   1    28   1  1  1    1  0  1  0  0  1      1    0    0    0    1    0    0    0    1   000011100111222222222222222222
         14         1       1       12       12          14   1    28   1  1  1    1  0  1  0  0  1      1    0    0    0    1    0    0    0    1   000011101011222222222222222222
         15         1       1       12       12          15   1    28   1  1  1    1  0  1  0  0  1      1    0    0    0    1    0    0    0    1   000011101101222222222222222222
         16         1       1       12       12          16   1    28   1  1  1    1  0  1  0  0  1      1    0    0    0    1    0    0    0    1   000011101110222222222222222222
         17         1       1       12       12          17   1    28   1  1  1    1  0  1  0  0  1      1    0    0    0    1    0    0    0    1   000011110011222222222222222222
         18         1       1       12       12          18   1    28   1  1  1    1  0  1  0  0  1      1    0    0    0    1    0    0    0    1   000011110101222222222222222222
         19         1       1       12       12          19   1    28   1  1  1    1  0  1  0  0  1      1    0    0    0    1    0    0    0    1   000011110110222222222222222222
         20         1       1       12       12          20   1    28   1  1  1    1  0  1  0  0  1      1    0    0    0    1    0    0    0    1   000011111001222222222222222222
         21         1       1       12       12          21   1    28   1  1  1    1  0  1  0  0  1      1    0    0    0    1    0    0    0    1   000011111010222222222222222222
         22         1       1       12       12          22   1    28   1  1  1    1  0  1  0  0  1      1    0    0    0    1    0    0    0    1   000011111100222222222222222222
         23         1       1       12       12          23   1    28   1  1  1    1  0  1  0  0  1      1    0    0    0    1    0    0    0    1   000101001111222222222222222222
         24         1       1       12       12          24   1    28   1  1  1    1  0  1  0  0  1      1    0    0    0    1    0    0    0    1   000101010111222222222222222222
         25         1       1        6        6          25   1    28   1  1  1    1  0  1  0  0  1      1    0    0    0    1    0    0    0    1   000101011011222222222222222222
         26         1       1       12       12          26   1    28   1  1  1    1  0  1  0  0  1      1    0    0    0    1    0    0    0    1   000101011101222222222222222222
         27         1       1       12       12          27   1    28   1  1  1    1  0  1  0  0  1      1    0    0    0    1    0    0    0    1   000101011110222222222222222222
         28         1       1        6        6          28   1    28   1  1  1    1  0  1  0  0  1      1    0    0    0    1    0    0    0    1   000101100111222222222222222222
         29         1       1       12       12          29   1    28   1  1  1    1  0  1  0  0  1      1    0    0    0    1    0    0    0    1   000101101101222222222222222222
         30         1       1       12       12          30   1    28   1  1  1    1  0  1  0  0  1      1    0    0    0    1    0    0    0    1   000101101110222222222222222222
         31         1       1        6        6          31   1    28   1  1  1    1  0  1  0  0  1      1    0    0    0    1    0    0    0    1   000101111100222222222222222222
         32         1       1        6        6          32   1    28   1  1  1    1  0  1  0  0  1      1    0    0    0    1    0    0    0    1   000110001111222222222222222222
         33         1       1       12       12          33   1    28   1  1  1    1  0  1  0  0  1      1    0    0    0    1    0    0    0    1   000110010111222222222222222222
         34         1       1       12       12          34   1    28   1  1  1    1  0  1  0  0  1      1    0    0    0    1    0    0    0    1   000110011011222222222222222222
         35         1       1       12       12          35   1    28   1  1  1    1  0  1  0  0  1      1    0    0    0    1    0    0    0    1   000110011101222222222222222222
         36         1       1       12       12          36   1    28   1  1  1    1  0  1  0  0  1      1    0    0    0    1    0    0    0    1   000110011110222222222222222222
         37         1       1       12       12          37   1    28   1  1  1    1  0  1  0  0  1      1    0    0    0    1    0    0    0    1   000110110011222222222222222222
         38         1       1       12       12          38   1    28   1  1  1    1  0  1  0  0  1      1    0    0    0    1    0    0    0    1   000110110101222222222222222222
         39         1       1        6        6          39   1    28   1  1  1    1  0  1  0  0  1      1    0    0    0    1    0    0    0    1   000110110110222222222222222222
         40         1       1        6        6          40   1    28   1  1  1    1  0  1  0  0  1      1    0    0    0    1    0    0    0    1   000110111001222222222222222222
         41         1       1       12       12          41   1    28   1  1  1    1  0  1  0  0  1      1    0    0    0    1    0    0    0    1   000111000111222222222222222222
         42         1       1        6        6          42   1    28   1  1  1    1  0  1  0  0  1      1    0    0    0    1    0    0    0    1   000111001011222222222222222222
         43         1       1        6        6          43   1    28   1  1  1    1  0  1  0  0  1      1    0    0    0    1    0    0    0    1   000111001101222222222222222222
         44         1       1       12       12          44   1    28   1  1  1    1  0  1  0  0  1      1    0    0    0    1    0    0    0    1   000111001110222222222222222222
         45         1       1        6        6          45   1    28   1  1  1    1  0  1  0  0  1      1    0    0    0    1    0    0    0    1   000111010011222222222222222222
         46         1       1       12       12          46   1    28   1  1  1    1  0  1  0  0  1      1    0    0    0    1    0    0    0    1   000111010101222222222222222222
         47         1       1       12       12          47   1    28   1  1  1    1  0  1  0  0  1      1    0    0    0    1    0    0    0    1   000111010110222222222222222222
         48         1       1       12       12          48   1    28   1  1  1    1  0  1  0  0  1      1    0    0    0    1    0    0    0    1   000111011001222222222222222222
         49         1       1       12       12          49   1    28   1  1  1    1  0  1  0  0  1      1    0    0    0    1    0    0    0    1   000111011010222222222222222222
         50         1       1       12       12          50   1    28   1  1  1    1  0  1  0  0  1      1    0    0    0    1    0    0    0    1   000111011100222222222222222222
         51         1       1       12       12          51   1    28   1  1  1    1  0  1  0  0  1      1    0    0    0    1    0    0    0    1   000111100011222222222222222222
         52         1       1       12       12          52   1    28   1  1  1    1  0  1  0  0  1      1    0    0    0    1    0    0    0    1   000111100101222222222222222222
         53         1       1       12       12          53   1    28   1  1  1    1  0  1  0  0  1      1    0    0    0    1    0    0    0    1   000111100110222222222222222222
         54         1       1       12       12          54   1    28   1  1  1    1  0  1  0  0  1      1    0    0    0    1    0    0    0    1   000111101001222222222222222222
         55         1       1       12       12          55   1    28   1  1  1    1  0  1  0  0  1      1    0    0    0    1    0    0    0    1   000111101010222222222222222222
         56         1       1       12       12          56   1    28   1  1  1    1  0  1  0  0  1      1    0    0    0    1    0    0    0    1   000111101100222222222222222222
         57         1       1       12       12          57   1    28   1  1  1    1  0  1  0  0  1      1    0    0    0    1    0    0    0    1   000111110001222222222222222222
         58         1       1        6        6          58   1    28   1  1  1    1  0  1  0  0  1      1    0    0    0    1    0    0    0    1   000111110100222222222222222222
         59         1       1       12       12          59   1    28   1  1  1    1  0  1  0  0  1      1    0    0    0    1    0    0    0    1   000111111000222222222222222222
         60         1       1        6        6          60   1    28   1  1  1    1  0  1  0  0  1      1    0    0    0    1    0    0    0    1   001001001111222222222222222222
         61         1       1       12       12          61   1    28   1  1  1    1  0  1  0  0  1      1    0    0    0    1    0    0    0    1   001001010111222222222222222222
         62         1       1       12       12          62   1    28   1  1  1    1  0  1  0  0  1      1    0    0    0    1    0    0    0    1   001001011011222222222222222222
         63         1       1       12       12          63   1    28   1  1  1    1  0  1  0  0  1      1    0    0    0    1    0    0    0    1   001001011101222222222222222222
         64         1       1       12       12          64   1    28   1  1  1    1  0  1  0  0  1      1    0    0    0    1    0    0    0    1   001001011110222222222222222222
         65         1       1       12       12          65   1    28   1  1  1    1  0  1  0  0  1      1    0    0    0    1    0    0    0    1   001001110011222222222222222222
         66         1       1       12       12          66   1    28   1  1  1    1  0  1  0  0  1      1    0    0    0    1    0    0    0    1   001001110101222222222222222222
         67         1       1        6        6          67   1    28   1  1  1    1  0  1  0  0  1      1    0    0    0    1    0    0    0    1   001001110110222222222222222222
         68         1       1        6        6          68   1    28   1  1  1    1  0  1  0  0  1      1    0    0    0    1    0    0    0    1   001001111001222222222222222222
         69         1       1        6        6          69   1    28   1  1  1    1  0  1  0  0  1      1    0    0    0    1    0    0    0    1   001011000111222222222222222222
         70         1       1        6        6          70   1    28   1  1  1    1  0  1  0  0  1      1    0    0    0    1    0    0    0    1   001011001110222222222222222222
         71         1       1       12       12          71   1    28   1  1  1    1  0  1  0  0  1      1    0    0    0    1    0    0    0    1   001011010101222222222222222222
         72         1       1       12       12          72   1    28   1  1  1    1  0  1  0  0  1      1    0    0    0    1    0    0    0    1   001011010110222222222222222222
         73         1       1       12       12          73   1    28   1  1  1    1  0  1  0  0  1      1    0    0    0    1    0    0    0    1   001011011001222222222222222222
         74         1       1       12       12          74   1    28   1  1  1    1  0  1  0  0  1      1    0    0    0    1    0    0    0    1   001011011010222222222222222222
         75         1       1        6        6          75   1    28   1  1  1    1  0  1  0  0  1      1    0    0    0    1    0    0    0    1   001011011100222222222222222222
         76         1       1       12       12          76   1    28   1  1  1    1  0  1  0  0  1      1    0    0    0    1    0    0    0    1   001011100011222222222222222222
         77         1       1       12       12          77   1    28   1  1  1    1  0  1  0  0  1      1    0    0    0    1    0    0    0    1   001011100101222222222222222222
         78         1       1       12       12          78   1    28   1  1  1    1  0  1  0  0  1      1    0    0    0    1    0    0    0    1   001011100110222222222222222222
         79         1       1       12       12          79   1    28   1  1  1    1  0  1  0  0  1      1    0    0    0    1    0    0    0    1   001011101001222222222222222222
         80         1       1       12       12          80   1    28   1  1  1    1  0  1  0  0  1      1    0    0    0    1    0    0    0    1   001011101010222222222222222222
         81         1       1        6        6          81   1    28   1  1  1    1  0  1  0  0  1      1    0    0    0    1    0    0    0    1   001011110001222222222222222222
         82         1       1        2        2          82   1    28   1  1  1    1  0  1  0  0  1      1    0    0    0    1    0    0    0    1   010011010101222222222222222222
         83         1       1       12       12          83   1    28   1  1  1    1  0  1  0  0  1      1    0    0    0    1    0    0    0    1   010011010110222222222222222222
         84         1       1       12       12          84   1    28   1  1  1    1  0  1  0  0  1      1    0    0    0    1    0    0    0    1   010011011010222222222222222222
         85         1       1        2        2          85   1    28   1  1  1    1  0  1  0  0  1      1    0    0    0    1    0    0    0    1   010011101010222222222222222222
         86         1       1        6        6          86   1    28   1  1  1    1  0  1  0  0  1      1    0    0    0    1    0    0    0    1   010110010110222222222222222222
         87         1       1        6        6          87   1    28   1  1  1    1  0  1  0  0  1      1    0    0    0    1    0    0    0    1   010110011001222222222222222222
         88         1       1       12       12          88   1    28   1  1  1    1  0  1  0  0  1      1    0    0    0    1    0    0    0    1   010110011010222222222222222222
         89         1       1        6        6          89   1    28   1  1  1    1  0  1  0  0  1      1    0    0    0    1    0    0    0    1   010110100101222222222222222222
         90         1       1        6        6          90   1    28   1  1  1    1  0  1  0  0  1      1    0    0    0    1    0    0    0    1   010110101001222222222222222222
